# JRE version: OpenJDK Runtime Environment Temurin-17.0.6+10 (17.0.6+10) (build 17.0.6+10)
# Java VM: OpenJDK 64-Bit Server VM Temurin-17.0.6+10 (17.0.6+10, mixed mode, tiered, compressed oops, compressed class ptrs, g1 gc, windows-amd64)
GC Precious Log:
 CPUs: 12 total, 12 available
 Memory: 16089M
 Large Page Support: Disabled
 NUMA Support: Disabled
 Compressed Oops: Enabled (Zero based)
 Heap Region Size: 2M
 Heap Min Capacity: 8M
 Heap Initial Capacity: 252M
 Heap Max Capacity: 4024M
 Pre-touch: Disabled
 Parallel Workers: 10
 Concurrent Workers: 3
 Concurrent Refinement Workers: 10
 Periodic GC: Disabled
Heap:
 garbage-first heap   total 69632K, used 46906K [0x0000000704800000, 0x0000000800000000)
  region size 2048K, 14 young (28672K), 1 survivors (2048K)
 Metaspace       used 62934K, committed 63424K, reserved 1105920K
  class space    used 7528K, committed 7744K, reserved 1048576K
GC Heap History (20 events):
Event: 7303.675 GC heap before
{Heap before GC invocations=31 (full 1):
 garbage-first heap   total 75776K, used 27616K [0x0000000704800000, 0x0000000800000000)
  region size 2048K, 7 young (14336K), 3 survivors (6144K)
 Metaspace       used 61584K, committed 62144K, reserved 1105920K
  class space    used 7447K, committed 7744K, reserved 1048576K
}
Event: 7303.742 GC heap after
{Heap after GC invocations=32 (full 2):
 garbage-first heap   total 69632K, used 18572K [0x0000000704800000, 0x0000000800000000)
  region size 2048K, 0 young (0K), 0 survivors (0K)
 Metaspace       used 61538K, committed 62144K, reserved 1105920K
  class space    used 7439K, committed 7744K, reserved 1048576K
}
Event: 7304.267 GC heap before
{Heap before GC invocations=32 (full 2):
 garbage-first heap   total 69632K, used 53388K [0x0000000704800000, 0x0000000800000000)
  region size 2048K, 17 young (34816K), 0 survivors (0K)
 Metaspace       used 61939K, committed 62464K, reserved 1105920K
  class space    used 7455K, committed 7744K, reserved 1048576K
}
Event: 7304.270 GC heap after
{Heap after GC invocations=33 (full 2):
 garbage-first heap   total 69632K, used 22139K [0x0000000704800000, 0x0000000800000000)
  region size 2048K, 2 young (4096K), 2 survivors (4096K)
 Metaspace       used 61939K, committed 62464K, reserved 1105920K
  class space    used 7455K, committed 7744K, reserved 1048576K
}
Event: 7328.215 GC heap before
{Heap before GC invocations=33 (full 2):
 garbage-first heap   total 69632K, used 26235K [0x0000000704800000, 0x0000000800000000)
  region size 2048K, 5 young (10240K), 2 survivors (4096K)
 Metaspace       used 61990K, committed 62528K, reserved 1105920K
  class space    used 7455K, committed 7744K, reserved 1048576K
}
Event: 7328.298 GC heap after
{Heap after GC invocations=34 (full 3):
 garbage-first heap   total 69632K, used 18745K [0x0000000704800000, 0x0000000800000000)
  region size 2048K, 0 young (0K), 0 survivors (0K)
 Metaspace       used 61988K, committed 62528K, reserved 1105920K
  class space    used 7455K, committed 7744K, reserved 1048576K
}
Event: 7329.171 GC heap before
{Heap before GC invocations=34 (full 3):
 garbage-first heap   total 69632K, used 51513K [0x0000000704800000, 0x0000000800000000)
  region size 2048K, 16 young (32768K), 0 survivors (0K)
 Metaspace       used 62350K, committed 62912K, reserved 1105920K
  class space    used 7473K, committed 7744K, reserved 1048576K
}
Event: 7329.175 GC heap after
{Heap after GC invocations=35 (full 3):
 garbage-first heap   total 69632K, used 21897K [0x0000000704800000, 0x0000000800000000)
  region size 2048K, 2 young (4096K), 2 survivors (4096K)
 Metaspace       used 62350K, committed 62912K, reserved 1105920K
  class space    used 7473K, committed 7744K, reserved 1048576K
}
Event: 7609.670 GC heap before
{Heap before GC invocations=35 (full 3):
 garbage-first heap   total 69632K, used 50569K [0x0000000704800000, 0x0000000800000000)
  region size 2048K, 16 young (32768K), 2 survivors (4096K)
 Metaspace       used 62755K, committed 63296K, reserved 1105920K
  class space    used 7525K, committed 7744K, reserved 1048576K
}
Event: 7609.681 GC heap after
{Heap after GC invocations=36 (full 3):
 garbage-first heap   total 69632K, used 22532K [0x0000000704800000, 0x0000000800000000)
  region size 2048K, 1 young (2048K), 1 survivors (2048K)
 Metaspace       used 62755K, committed 63296K, reserved 1105920K
  class space    used 7525K, committed 7744K, reserved 1048576K
}
Event: 7628.358 GC heap before
{Heap before GC invocations=36 (full 3):
 garbage-first heap   total 69632K, used 51204K [0x0000000704800000, 0x0000000800000000)
  region size 2048K, 15 young (30720K), 1 survivors (2048K)
 Metaspace       used 62791K, committed 63296K, reserved 1105920K
  class space    used 7526K, committed 7744K, reserved 1048576K
}
Event: 7628.368 GC heap after
{Heap after GC invocations=37 (full 3):
 garbage-first heap   total 69632K, used 22373K [0x0000000704800000, 0x0000000800000000)
  region size 2048K, 1 young (2048K), 1 survivors (2048K)
 Metaspace       used 62791K, committed 63296K, reserved 1105920K
  class space    used 7526K, committed 7744K, reserved 1048576K
}
Event: 7649.786 GC heap before
{Heap before GC invocations=37 (full 3):
 garbage-first heap   total 69632K, used 51045K [0x0000000704800000, 0x0000000800000000)
  region size 2048K, 15 young (30720K), 1 survivors (2048K)
 Metaspace       used 62805K, committed 63296K, reserved 1105920K
  class space    used 7528K, committed 7744K, reserved 1048576K
}
Event: 7649.795 GC heap after
{Heap after GC invocations=38 (full 3):
 garbage-first heap   total 69632K, used 22334K [0x0000000704800000, 0x0000000800000000)
  region size 2048K, 1 young (2048K), 1 survivors (2048K)
 Metaspace       used 62805K, committed 63296K, reserved 1105920K
  class space    used 7528K, committed 7744K, reserved 1048576K
}
Event: 7672.295 GC heap before
{Heap before GC invocations=38 (full 3):
 garbage-first heap   total 69632K, used 53054K [0x0000000704800000, 0x0000000800000000)
  region size 2048K, 16 young (32768K), 1 survivors (2048K)
 Metaspace       used 62817K, committed 63296K, reserved 1105920K
  class space    used 7528K, committed 7744K, reserved 1048576K
}
Event: 7672.300 GC heap after
{Heap after GC invocations=39 (full 3):
 garbage-first heap   total 69632K, used 22286K [0x0000000704800000, 0x0000000800000000)
  region size 2048K, 1 young (2048K), 1 survivors (2048K)
 Metaspace       used 62817K, committed 63296K, reserved 1105920K
  class space    used 7528K, committed 7744K, reserved 1048576K
}
Event: 7692.603 GC heap before
{Heap before GC invocations=39 (full 3):
 garbage-first heap   total 69632K, used 53006K [0x0000000704800000, 0x0000000800000000)
  region size 2048K, 16 young (32768K), 1 survivors (2048K)
 Metaspace       used 62879K, committed 63424K, reserved 1105920K
  class space    used 7528K, committed 7744K, reserved 1048576K
}
Event: 7692.608 GC heap after
{Heap after GC invocations=40 (full 3):
 garbage-first heap   total 69632K, used 22314K [0x0000000704800000, 0x0000000800000000)
  region size 2048K, 1 young (2048K), 1 survivors (2048K)
 Metaspace       used 62879K, committed 63424K, reserved 1105920K
  class space    used 7528K, committed 7744K, reserved 1048576K
}
Event: 7712.454 GC heap before
{Heap before GC invocations=40 (full 3):
 garbage-first heap   total 69632K, used 53034K [0x0000000704800000, 0x0000000800000000)
  region size 2048K, 16 young (32768K), 1 survivors (2048K)
 Metaspace       used 62910K, committed 63424K, reserved 1105920K
  class space    used 7528K, committed 7744K, reserved 1048576K
}
Event: 7712.459 GC heap after
{Heap after GC invocations=41 (full 3):
 garbage-first heap   total 69632K, used 22330K [0x0000000704800000, 0x0000000800000000)
  region size 2048K, 1 young (2048K), 1 survivors (2048K)
 Metaspace       used 62910K, committed 63424K, reserved 1105920K
  class space    used 7528K, committed 7744K, reserved 1048576K
}

